<?xml version="1.0" encoding="UTF-8"?>
<testsuite xmlns:xsi="http://www.w3.org/2001/XMLSchema-instance" xsi:noNamespaceSchemaLocation="https://maven.apache.org/surefire/maven-surefire-plugin/xsd/surefire-test-report.xsd" name="com.example.CoursesTest" time="0.004" tests="16" errors="0" skipped="0" failures="0">
  <properties>
[...]
</properties>
  <testcase name="testGetCourseOutcome" classname="com.example.CoursesTest" time="0.001"/>
  <testcase name="testGetStrSupp" classname="com.example.CoursesTest" time="0"/>
  <testcase name="testSetFinalMark" classname="com.example.CoursesTest" time="0"/>
  <testcase name="testSetCredits" classname="com.example.CoursesTest" time="0"/>
  <testcase name="testGetYear" classname="com.example.CoursesTest" time="0"/>
  <testcase name="testSetSuppMark" classname="com.example.CoursesTest" time="0"/>
  <testcase name="testGetSuppMark" classname="com.example.CoursesTest" time="0.001"/>
  <testcase name="testGetCourseCode" classname="com.example.CoursesTest" time="0"/>
  <testcase name="testGetCourseName" classname="com.example.CoursesTest" time="0"/>
  <testcase name="testSetStrSupp" classname="com.example.CoursesTest" time="0"/>
  <testcase name="testSetCourseCode" classname="com.example.CoursesTest" time="0"/>
  <testcase name="testSetCourseName" classname="com.example.CoursesTest" time="0"/>
  <testcase name="testSetCourseOutcome" classname="com.example.CoursesTest" time="0"/>
  <testcase name="testGetCredits" classname="com.example.CoursesTest" time="0"/>
  <testcase name="testGetFinalMark" classname="com.example.CoursesTest" time="0"/>
  <testcase name="testSetYear" classname="com.example.CoursesTest" time="0"/>
</testsuite>